 
         _____ _                     _____                                                 _    
        /  __ \ |                   |_   _|                                               | |   
        | /  \/ |__   ___  ___ ___    | | ___  _   _ _ __ _ __   __ _ _ __ ___   ___ _ __ | |_  
        | |   | '_ \ / _ \/ __/ __|   | |/ _ \| | | | '__| '_ \ / _` | '_ ` _ \ / _ \ '_ \| __| 
        | \__/\ | | |  __/\__ \__ \   | | (_) | |_| | |  | | | | (_| | | | | | |  __/ | | | |_  
         \____/_| |_|\___||___/___/   \_/\___/ \__,_|_|  |_| |_|\__,_|_| |_| |_|\___|_| |_|\__| 


          ___      _           _       _     _             _                                    
         / _ \    | |         (_)     (_)   | |           | |                                   
        / /_\ \ __| |_ __ ___  _ _ __  _ ___| |_ _ __ __ _| |_ ___  _ __                        
        |  _  |/ _` | '_ ` _ \| | '_ \| / __| __| '__/ _` | __/ _ \| '__|                       
        | | | | (_| | | | | | | | | | | \__ \ |_| | | (_| | || (_) | |                          
        \_| |_/\__,_|_| |_| |_|_|_| |_|_|___/\__|_|  \__,_|\__\___/|_|                          
        
Choix 1  -->  Menu Joueurs
Choix 2  -->  Menu Tournois
Choix 3  -->  Menu des Rapports
Choix 0  -->  Quitter le programme
Tapez le numéro correspondant à votre choix, puis appuyez sur la touche Entrée.\\\\\\\\\\\\\\\\  MENU DU TOURNOI  ////////////////
Choix 1  -->  Liste des joueurs participants au tournoi
Choix 2  -->  Ajouter un nouveau tournoi
Choix 0  -->  Retour au menu principal
Tapez le numéro correspondant à votre choix, puis appuyez sur la touche Entrée.\\\\\\\\\\\\\\\\  CREATION D'UN NOUVEAU TOURNOI  ////////////////
Nom du tournoi:   Lieu du tournoi:   Date du tournoi (au format jj/mm/aaaa) :   Nombre de rondes (4 par défaut):   Choisisez le format de match: 
Format de partie du tournoi: 
Bullet (une minute par joueur)
BLitz (10 minutes ou moins par joueur)
Coup rapide (de 10 à 60 minutes par joueur)  Description du tournoi   <models.tournament.Tournament object at 0x0000020C3B721CA0>
\\\\\\\\\\\\\\\\  CHOIX DE L'AJOUT DE JOUEUR  ////////////////
Choix 1  -->  Créer un nouveau joueur et l'ajouter au tournoi
Choix 2  -->  Ajouter un joueur de la base de données au tournoi
Tapez le numéro correspondant à votre choix, puis appuyez sur la touche Entrée.   \\\\\\\\\\\\\\\\  CREATION D'UN NOUVEAU JOUEUR  ////////////////
Prénom du joueur:   Nom de famille du joueur:   Date de naissance du joueur (au format jj/mm/aaaa) :   Sexe du joueur (F ou M) :   Classement du joueur :   \\\\\\\\\\\\\\\\  CHOIX DE L'AJOUT DE JOUEUR  ////////////////
Choix 1  -->  Créer un nouveau joueur et l'ajouter au tournoi
Choix 2  -->  Ajouter un joueur de la base de données au tournoi
Tapez le numéro correspondant à votre choix, puis appuyez sur la touche Entrée.   \\\\\\\\\\\\\\\\  CREATION D'UN NOUVEAU JOUEUR  ////////////////
Prénom du joueur:   Nom de famille du joueur:   Date de naissance du joueur (au format jj/mm/aaaa) :   Sexe du joueur (F ou M) :   Classement du joueur :   création de la ronde n°1
démarrage de la ronde n°1
création de la ronde n°2
démarrage de la ronde n°2
\\\\\\\\\\\\\\\\  MENU DU TOURNOI  ////////////////
Choix 1  -->  Liste des joueurs participants au tournoi
Choix 2  -->  Ajouter un nouveau tournoi
Choix 0  -->  Retour au menu principal
Tapez le numéro correspondant à votre choix, puis appuyez sur la touche Entrée. 
         _____ _                     _____                                                 _    
        /  __ \ |                   |_   _|                                               | |   
        | /  \/ |__   ___  ___ ___    | | ___  _   _ _ __ _ __   __ _ _ __ ___   ___ _ __ | |_  
        | |   | '_ \ / _ \/ __/ __|   | |/ _ \| | | | '__| '_ \ / _` | '_ ` _ \ / _ \ '_ \| __| 
        | \__/\ | | |  __/\__ \__ \   | | (_) | |_| | |  | | | | (_| | | | | | |  __/ | | | |_  
         \____/_| |_|\___||___/___/   \_/\___/ \__,_|_|  |_| |_|\__,_|_| |_| |_|\___|_| |_|\__| 


          ___      _           _       _     _             _                                    
         / _ \    | |         (_)     (_)   | |           | |                                   
        / /_\ \ __| |_ __ ___  _ _ __  _ ___| |_ _ __ __ _| |_ ___  _ __                        
        |  _  |/ _` | '_ ` _ \| | '_ \| / __| __| '__/ _` | __/ _ \| '__|                       
        | | | | (_| | | | | | | | | | | \__ \ |_| | | (_| | || (_) | |                          
        \_| |_/\__,_|_| |_| |_|_|_| |_|_|___/\__|_|  \__,_|\__\___/|_|                          
        
Choix 1  -->  Menu Joueurs
Choix 2  -->  Menu Tournois
Choix 3  -->  Menu des Rapports
Choix 0  -->  Quitter le programme
Tapez le numéro correspondant à votre choix, puis appuyez sur la touche Entrée.